<?xml version="1.0" encoding="UTF-8"?>
<!-- Generated by org.testng.reporters.JUnitReportReporter -->
<testsuite skipped="0" hostname="DESKTOP-V50T9M9" name="com.java.seleniumtutorials.Assertequal" tests="2" failures="0" timestamp="16 Mar 2017 20:42:32 GMT" time="0.022" errors="0">
  <testcase name="test1" time="0.022" classname="com.java.seleniumtutorials.Assertequal"/>
  <testcase name="test2" time="0.000" classname="com.java.seleniumtutorials.Assertequal"/>
</testsuite> <!-- com.java.seleniumtutorials.Assertequal -->
