<?xml version="1.0" encoding="UTF-8"?>
<!-- Generated by org.testng.reporters.JUnitReportReporter -->
<testsuite skipped="0" hostname="DESKTOP-V50T9M9" name="com.java.seleniumtutorials.Ten_PageScroll" tests="5" failures="0" timestamp="28 Mar 2017 20:16:24 GMT" time="42.130" errors="0">
  <testcase name="test1" time="11.222" classname="com.java.seleniumtutorials.Ten_PageScroll"/>
  <testcase name="scrollToBottom" time="11.259" classname="com.java.seleniumtutorials.Ten_PageScroll"/>
  <testcase name="scrollToElement" time="6.639" classname="com.java.seleniumtutorials.Ten_PageScroll"/>
  <testcase name="scrollByCoordinates" time="6.826" classname="com.java.seleniumtutorials.Ten_PageScroll"/>
  <testcase name="scrollByUsingKeys" time="6.184" classname="com.java.seleniumtutorials.Ten_PageScroll"/>
</testsuite> <!-- com.java.seleniumtutorials.Ten_PageScroll -->
