<?xml version="1.0" encoding="UTF-8"?>
<!-- Generated by org.testng.reporters.JUnitReportReporter -->
<testsuite skipped="0" hostname="DESKTOP-V50T9M9" name="com.java.seleniumtutorials.Sevendotzero_SimpleAlert" tests="1" failures="0" timestamp="16 Mar 2017 19:09:46 GMT" time="9.055" errors="0">
  <testcase name="simple_alert" time="9.055" classname="com.java.seleniumtutorials.Sevendotzero_SimpleAlert"/>
</testsuite> <!-- com.java.seleniumtutorials.Sevendotzero_SimpleAlert -->
