<?xml version="1.0" encoding="UTF-8"?>
<!-- Generated by org.testng.reporters.JUnitReportReporter -->
<testsuite skipped="0" hostname="DESKTOP-V50T9M9" name="com.java.seleniumtutorials.Eight_Dependent" tests="3" failures="0" timestamp="21 Mar 2017 18:54:55 GMT" time="0.000" errors="0">
  <testcase name="signIn" time="0.000" classname="com.java.seleniumtutorials.Eight_Dependent"/>
  <testcase name="signOut" time="0.000" classname="com.java.seleniumtutorials.Eight_Dependent"/>
  <testcase name="openBrowser" time="0.000" classname="com.java.seleniumtutorials.Eight_Dependent"/>
</testsuite> <!-- com.java.seleniumtutorials.Eight_Dependent -->
