<?xml version="1.0" encoding="UTF-8"?>
<!-- Generated by org.testng.reporters.JUnitReportReporter -->
<testsuite skipped="0" hostname="DESKTOP-V50T9M9" name="com.java.seleniumtutorials.Fourteen_rightclick" tests="1" failures="0" timestamp="22 Mar 2017 22:52:14 GMT" time="2.615" errors="0">
  <testcase name="rightClickTest" time="2.615" classname="com.java.seleniumtutorials.Fourteen_rightclick"/>
</testsuite> <!-- com.java.seleniumtutorials.Fourteen_rightclick -->
