<?xml version="1.0" encoding="UTF-8"?>
<!-- Generated by org.testng.reporters.JUnitReportReporter -->
<testsuite skipped="0" hostname="DESKTOP-V50T9M9" name="com.java.seleniumtutorials.SoftAssertequal" tests="1" failures="0" timestamp="16 Mar 2017 20:43:43 GMT" time="0.031" errors="0">
  <testcase name="test1" time="0.031" classname="com.java.seleniumtutorials.SoftAssertequal"/>
</testsuite> <!-- com.java.seleniumtutorials.SoftAssertequal -->
