<?xml version="1.0" encoding="UTF-8"?>
<!-- Generated by org.testng.reporters.JUnitReportReporter -->
<testsuite skipped="0" hostname="DESKTOP-V50T9M9" name="com.java.seleniumtutorials.Eight_Grouping" tests="5" failures="0" timestamp="21 Mar 2017 19:00:26 GMT" time="0.019" errors="0">
  <testcase name="car1" time="0.019" classname="com.java.seleniumtutorials.Eight_Grouping"/>
  <testcase name="car2" time="0.000" classname="com.java.seleniumtutorials.Eight_Grouping"/>
  <testcase name="scooter2" time="0.000" classname="com.java.seleniumtutorials.Eight_Grouping"/>
  <testcase name="sedanCar" time="0.000" classname="com.java.seleniumtutorials.Eight_Grouping"/>
  <testcase name="scooter1" time="0.000" classname="com.java.seleniumtutorials.Eight_Grouping"/>
</testsuite> <!-- com.java.seleniumtutorials.Eight_Grouping -->
