<?xml version="1.0" encoding="UTF-8"?>
<!-- Generated by org.testng.reporters.JUnitReportReporter -->
<testsuite skipped="0" hostname="DESKTOP-V50T9M9" name="com.java.seleniumtutorials.Second_FormtoExcel" tests="1" failures="0" timestamp="15 Mar 2017 20:33:05 GMT" time="147.483" errors="0">
  <testcase name="readTableData1" time="147.483" classname="com.java.seleniumtutorials.Second_FormtoExcel"/>
</testsuite> <!-- com.java.seleniumtutorials.Second_FormtoExcel -->
