<?xml version="1.0" encoding="UTF-8"?>
<!-- Generated by org.testng.reporters.JUnitReportReporter -->
<testsuite skipped="0" hostname="DESKTOP-V50T9M9" name="com.java.seleniumtutorials.Sevendotthree_Alert" tests="1" failures="0" timestamp="16 Mar 2017 19:33:17 GMT" time="9.889" errors="0">
  <testcase name="alertDemcEx" time="9.889" classname="com.java.seleniumtutorials.Sevendotthree_Alert"/>
</testsuite> <!-- com.java.seleniumtutorials.Sevendotthree_Alert -->
