<?xml version="1.0" encoding="UTF-8"?>
<!-- Generated by org.testng.reporters.JUnitReportReporter -->
<testsuite skipped="0" hostname="DESKTOP-V50T9M9" name="com.java.seleniumtutorials.Ten_RightClick" tests="1" failures="0" timestamp="21 Mar 2017 21:37:46 GMT" time="2.304" errors="0">
  <testcase name="rightClick" time="2.304" classname="com.java.seleniumtutorials.Ten_RightClick"/>
</testsuite> <!-- com.java.seleniumtutorials.Ten_RightClick -->
