<?xml version="1.0" encoding="UTF-8"?>
<!-- Generated by org.testng.reporters.JUnitReportReporter -->
<testsuite skipped="0" hostname="DESKTOP-V50T9M9" name="com.java.seleniumtutorials.Eleven_Frames" tests="1" failures="0" timestamp="23 Mar 2017 17:11:59 GMT" time="0.754" errors="0">
  <testcase name="handleFrames" time="0.754" classname="com.java.seleniumtutorials.Eleven_Frames"/>
</testsuite> <!-- com.java.seleniumtutorials.Eleven_Frames -->
