<?xml version="1.0" encoding="UTF-8"?>
<!-- Generated by org.testng.reporters.JUnitReportReporter -->
<testsuite skipped="0" hostname="DESKTOP-V50T9M9" name="com.java.seleniumtutorials.Fifth_TextToForm" tests="1" failures="0" timestamp="16 Mar 2017 01:13:14 GMT" time="17.593" errors="0">
  <testcase name="fill_Data" time="17.593" classname="com.java.seleniumtutorials.Fifth_TextToForm"/>
</testsuite> <!-- com.java.seleniumtutorials.Fifth_TextToForm -->
