<?xml version="1.0" encoding="UTF-8"?>
<!-- Generated by org.testng.reporters.JUnitReportReporter -->
<testsuite skipped="0" hostname="DESKTOP-V50T9M9" name="com.java.seleniumtutorials.Ten_DragandDrop" tests="1" failures="0" timestamp="21 Mar 2017 19:53:59 GMT" time="6.651" errors="0">
  <testcase name="testDragAndDrop" time="6.651" classname="com.java.seleniumtutorials.Ten_DragandDrop"/>
</testsuite> <!-- com.java.seleniumtutorials.Ten_DragandDrop -->
