<?xml version="1.0" encoding="UTF-8"?>
<!-- Generated by org.testng.reporters.JUnitReportReporter -->
<testsuite skipped="0" hostname="DESKTOP-V50T9M9" name="com.java.seleniumtutorials.Sevendottwo_PromptAlert" tests="1" failures="0" timestamp="16 Mar 2017 19:27:20 GMT" time="12.901" errors="0">
  <testcase name="prompt_alert" time="12.901" classname="com.java.seleniumtutorials.Sevendottwo_PromptAlert"/>
</testsuite> <!-- com.java.seleniumtutorials.Sevendottwo_PromptAlert -->
