<?xml version="1.0" encoding="UTF-8"?>
<!-- Generated by org.testng.reporters.JUnitReportReporter -->
<testsuite skipped="0" hostname="DESKTOP-V50T9M9" name="com.java.seleniumtutorials.Fourth_ExceltoForm" tests="1" failures="0" timestamp="16 Mar 2017 02:35:25 GMT" time="18.196" errors="0">
  <testcase name="excelToForm" time="18.196" classname="com.java.seleniumtutorials.Fourth_ExceltoForm"/>
</testsuite> <!-- com.java.seleniumtutorials.Fourth_ExceltoForm -->
