<?xml version="1.0" encoding="UTF-8"?>
<!-- Generated by org.testng.reporters.JUnitReportReporter -->
<testsuite skipped="0" hostname="DESKTOP-V50T9M9" name="com.java.seleniumtutorials.Sevendotone_ConfirmAlert" tests="1" failures="0" timestamp="16 Mar 2017 19:20:05 GMT" time="8.592" errors="0">
  <testcase name="confirm_alert" time="8.592" classname="com.java.seleniumtutorials.Sevendotone_ConfirmAlert"/>
</testsuite> <!-- com.java.seleniumtutorials.Sevendotone_ConfirmAlert -->
