<?xml version="1.0" encoding="UTF-8"?>
<!-- Generated by org.testng.reporters.JUnitReportReporter -->
<testsuite skipped="0" hostname="DESKTOP-V50T9M9" name="com.java.seleniumtutorials.Eleven_HandleFrames" tests="1" failures="0" timestamp="23 Mar 2017 17:13:55 GMT" time="0.825" errors="0">
  <testcase name="handleFrames" time="0.825" classname="com.java.seleniumtutorials.Eleven_HandleFrames"/>
</testsuite> <!-- com.java.seleniumtutorials.Eleven_HandleFrames -->
