<?xml version="1.0" encoding="UTF-8"?>
<!-- Generated by org.testng.reporters.JUnitReportReporter -->
<testsuite skipped="0" hostname="DESKTOP-V50T9M9" name="com.java.seleniumtutorials.AnnotationsExmpl" tests="2" failures="0" timestamp="21 Mar 2017 17:59:53 GMT" time="0.031" errors="0">
  <testcase name="testCase2" time="0.016" classname="com.java.seleniumtutorials.AnnotationsExmpl"/>
  <testcase name="testCase1" time="0.015" classname="com.java.seleniumtutorials.AnnotationsExmpl"/>
</testsuite> <!-- com.java.seleniumtutorials.AnnotationsExmpl -->
